This is pdfTeX, Version 3.141592653-2.6-1.40.24 (TeX Live 2022/Arch Linux) (preloaded format=pdflatex 2022.12.5)  6 DEC 2022 02:01
entering extended mode
 restricted \write18 enabled.
 %&-line parsing enabled.
**juiceboxdao-accounting-summary.tex
(./juiceboxdao-accounting-summary.tex
LaTeX2e <2021-11-15> patch level 1
L3 programming layer <2022-04-10>
(/usr/share/texmf-dist/tex/latex/base/article.cls
Document Class: article 2021/10/04 v1.4n Standard LaTeX document class
(/usr/share/texmf-dist/tex/latex/base/size10.clo
File: size10.clo 2021/10/04 v1.4n Standard LaTeX file (size option)
)
\c@part=\count185
\c@section=\count186
\c@subsection=\count187
\c@subsubsection=\count188
\c@paragraph=\count189
\c@subparagraph=\count190
\c@figure=\count191
\c@table=\count192
\abovecaptionskip=\skip47
\belowcaptionskip=\skip48
\bibindent=\dimen138
)
(/usr/share/texmf-dist/tex/latex/l3backend/l3backend-pdftex.def
File: l3backend-pdftex.def 2022-04-14 L3 backend support: PDF output (pdfTeX)
\l__color_backend_stack_int=\count193
\l__pdf_internal_box=\box50
)
No file juiceboxdao-accounting-summary.aux.
\openout1 = `juiceboxdao-accounting-summary.aux'.

LaTeX Font Info:    Checking defaults for OML/cmm/m/it on input line 5.
LaTeX Font Info:    ... okay on input line 5.
LaTeX Font Info:    Checking defaults for OMS/cmsy/m/n on input line 5.
LaTeX Font Info:    ... okay on input line 5.
LaTeX Font Info:    Checking defaults for OT1/cmr/m/n on input line 5.
LaTeX Font Info:    ... okay on input line 5.
LaTeX Font Info:    Checking defaults for T1/cmr/m/n on input line 5.
LaTeX Font Info:    ... okay on input line 5.
LaTeX Font Info:    Checking defaults for TS1/cmr/m/n on input line 5.
LaTeX Font Info:    ... okay on input line 5.
LaTeX Font Info:    Checking defaults for OMX/cmex/m/n on input line 5.
LaTeX Font Info:    ... okay on input line 5.
LaTeX Font Info:    Checking defaults for U/cmr/m/n on input line 5.
LaTeX Font Info:    ... okay on input line 5.
LaTeX Font Info:    External font `cmex10' loaded for size
(Font)              <12> on input line 7.
LaTeX Font Info:    External font `cmex10' loaded for size
(Font)              <8> on input line 7.
LaTeX Font Info:    External font `cmex10' loaded for size
(Font)              <6> on input line 7.

LaTeX Warning: No \author given.

[1

{/var/lib/texmf/fonts/map/pdftex/updmap/pdftex.map}]
Overfull \hbox (13.86066pt too wide) in paragraph at lines 61--62
\OT1/cmr/m/n/10 JuiceboxDAO typ-i-cally pays con-trib-u-tors and ser-vice provi
ders through its projects.
 []

[2]
Overfull \hbox (8.90562pt too wide) in paragraph at lines 83--84
\OT1/cmr/m/n/10 wal-let's ad-dress is \OT1/cmtt/m/n/10 0xAF28bcB48C40dBC86f52D4
59A6562F658fc94B1e\OT1/cmr/m/n/10 . Rows
 []


Overfull \hbox (2.91962pt too wide) in paragraph at lines 85--86
\OT1/cmr/m/n/10 v2 projects, re-spec-tively. These pay-ments mint JBX project t
o-kens. \OT1/cmr/bx/n/10 These
 []

[3]
Overfull \hbox (6.96371pt too wide) in paragraph at lines 88--89
\OT1/cmr/m/n/10 taken out. The ben-e-fi-cia-ry-Trans-fer-Amount/beneficiaryDist
ributionAmount
 []

[4] (./juiceboxdao-accounting-summary.aux) ) 
Here is how much of TeX's memory you used:
 455 strings out of 478238
 8654 string characters out of 5850456
 304634 words of memory out of 5000000
 18765 multiletter control sequences out of 15000+600000
 474017 words of font info for 44 fonts, out of 8000000 for 9000
 1141 hyphenation exceptions out of 8191
 34i,6n,38p,611b,197s stack positions out of 5000i,500n,10000p,200000b,80000s
{/usr/share/texmf-dist/fonts/enc/dv
ips/cm-super/cm-super-ts1.enc}</usr/share/texmf-dist/fonts/type1/public/amsfont
s/cm/cmbx10.pfb></usr/share/texmf-dist/fonts/type1/public/amsfonts/cm/cmbx12.pf
b></usr/share/texmf-dist/fonts/type1/public/amsfonts/cm/cmr10.pfb></usr/share/t
exmf-dist/fonts/type1/public/amsfonts/cm/cmr12.pfb></usr/share/texmf-dist/fonts
/type1/public/amsfonts/cm/cmr17.pfb></usr/share/texmf-dist/fonts/type1/public/a
msfonts/cm/cmtt10.pfb></usr/share/texmf-dist/fonts/type1/public/cm-super/sfrm10
00.pfb>
Output written on juiceboxdao-accounting-summary.pdf (4 pages, 106812 bytes).
PDF statistics:
 53 PDF objects out of 1000 (max. 8388607)
 32 compressed objects within 1 object stream
 0 named destinations out of 1000 (max. 500000)
 1 words of extra memory for PDF output out of 10000 (max. 10000000)

